<?xml version="1.0" encoding="UTF-8"?>
<!-- Generated by org.testng.reporters.JUnitReportReporter -->
<testsuite skipped="0" hostname="DESKTOP-388EKTU" name="ElogbookStandalone.TestingI1" tests="15" failures="2" timestamp="16 Oct 2020 07:24:06 GMT" time="103.699" errors="0">
  <testcase name="BoTrongThongtindangnhap" time="19.818" classname="ElogbookStandalone.TestingI1"/>
  <testcase name="kiemtracauthongbaokhithongtindangnhapbotrong" time="0.116" classname="ElogbookStandalone.TestingI1"/>
  <testcase name="Nhapmatkhaubotrongthongtintendangnhap" time="0.368" classname="ElogbookStandalone.TestingI1"/>
  <testcase name="kiemtracauthongbaokhibotrongmatkhau" time="0.075" classname="ElogbookStandalone.TestingI1">
    <failure type="java.lang.AssertionError" message="expected [Mật khẩu không được bỏ trống] but found []">
      <![CDATA[java.lang.AssertionError: expected [Mật khẩu không được bỏ trống] but found []
at org.testng.Assert.fail(Assert.java:96)
at org.testng.Assert.failNotEquals(Assert.java:776)
at org.testng.Assert.assertEqualsImpl(Assert.java:137)
at org.testng.Assert.assertEquals(Assert.java:118)
at org.testng.Assert.assertEquals(Assert.java:453)
at org.testng.Assert.assertEquals(Assert.java:463)
at ElogbookStandalone.TestingI1.kiemtracauthongbaokhibotrongmatkhau(TestingI1.java:43)
at sun.reflect.NativeMethodAccessorImpl.invoke0(Native Method)
at sun.reflect.NativeMethodAccessorImpl.invoke(Unknown Source)
at sun.reflect.DelegatingMethodAccessorImpl.invoke(Unknown Source)
at java.lang.reflect.Method.invoke(Unknown Source)
at org.testng.internal.MethodInvocationHelper.invokeMethod(MethodInvocationHelper.java:124)
at org.testng.internal.Invoker.invokeMethod(Invoker.java:583)
at org.testng.internal.Invoker.invokeTestMethod(Invoker.java:719)
at org.testng.internal.Invoker.invokeTestMethods(Invoker.java:989)
at org.testng.internal.TestMethodWorker.invokeTestMethods(TestMethodWorker.java:125)
at org.testng.internal.TestMethodWorker.run(TestMethodWorker.java:109)
at org.testng.TestRunner.privateRun(TestRunner.java:648)
at org.testng.TestRunner.run(TestRunner.java:505)
at org.testng.SuiteRunner.runTest(SuiteRunner.java:455)
at org.testng.SuiteRunner.runSequentially(SuiteRunner.java:450)
at org.testng.SuiteRunner.privateRun(SuiteRunner.java:415)
at org.testng.SuiteRunner.run(SuiteRunner.java:364)
at org.testng.SuiteRunnerWorker.runSuite(SuiteRunnerWorker.java:52)
at org.testng.SuiteRunnerWorker.run(SuiteRunnerWorker.java:84)
at org.testng.TestNG.runSuitesSequentially(TestNG.java:1208)
at org.testng.TestNG.runSuitesLocally(TestNG.java:1137)
at org.testng.TestNG.runSuites(TestNG.java:1049)
at org.testng.TestNG.run(TestNG.java:1017)
at org.testng.remote.AbstractRemoteTestNG.run(AbstractRemoteTestNG.java:115)
at org.testng.remote.RemoteTestNG.initAndRun(RemoteTestNG.java:251)
at org.testng.remote.RemoteTestNG.main(RemoteTestNG.java:77)
]]>
    </failure>
  </testcase> <!-- kiemtracauthongbaokhibotrongmatkhau -->
  <testcase name="Nhapthongtindangnhapbotrongmatkhau" time="0.076" classname="ElogbookStandalone.TestingI1">
    <failure type="java.lang.AssertionError" message="expected [Mật khẩu không được bỏ trống] but found []">
      <![CDATA[java.lang.AssertionError: expected [Mật khẩu không được bỏ trống] but found []
at org.testng.Assert.fail(Assert.java:96)
at org.testng.Assert.failNotEquals(Assert.java:776)
at org.testng.Assert.assertEqualsImpl(Assert.java:137)
at org.testng.Assert.assertEquals(Assert.java:118)
at org.testng.Assert.assertEquals(Assert.java:453)
at org.testng.Assert.assertEquals(Assert.java:463)
at ElogbookStandalone.TestingI1.Nhapthongtindangnhapbotrongmatkhau(TestingI1.java:48)
at sun.reflect.NativeMethodAccessorImpl.invoke0(Native Method)
at sun.reflect.NativeMethodAccessorImpl.invoke(Unknown Source)
at sun.reflect.DelegatingMethodAccessorImpl.invoke(Unknown Source)
at java.lang.reflect.Method.invoke(Unknown Source)
at org.testng.internal.MethodInvocationHelper.invokeMethod(MethodInvocationHelper.java:124)
at org.testng.internal.Invoker.invokeMethod(Invoker.java:583)
at org.testng.internal.Invoker.invokeTestMethod(Invoker.java:719)
at org.testng.internal.Invoker.invokeTestMethods(Invoker.java:989)
at org.testng.internal.TestMethodWorker.invokeTestMethods(TestMethodWorker.java:125)
at org.testng.internal.TestMethodWorker.run(TestMethodWorker.java:109)
at org.testng.TestRunner.privateRun(TestRunner.java:648)
at org.testng.TestRunner.run(TestRunner.java:505)
at org.testng.SuiteRunner.runTest(SuiteRunner.java:455)
at org.testng.SuiteRunner.runSequentially(SuiteRunner.java:450)
at org.testng.SuiteRunner.privateRun(SuiteRunner.java:415)
at org.testng.SuiteRunner.run(SuiteRunner.java:364)
at org.testng.SuiteRunnerWorker.runSuite(SuiteRunnerWorker.java:52)
at org.testng.SuiteRunnerWorker.run(SuiteRunnerWorker.java:84)
at org.testng.TestNG.runSuitesSequentially(TestNG.java:1208)
at org.testng.TestNG.runSuitesLocally(TestNG.java:1137)
at org.testng.TestNG.runSuites(TestNG.java:1049)
at org.testng.TestNG.run(TestNG.java:1017)
at org.testng.remote.AbstractRemoteTestNG.run(AbstractRemoteTestNG.java:115)
at org.testng.remote.RemoteTestNG.initAndRun(RemoteTestNG.java:251)
at org.testng.remote.RemoteTestNG.main(RemoteTestNG.java:77)
]]>
    </failure>
  </testcase> <!-- Nhapthongtindangnhapbotrongmatkhau -->
  <testcase name="Nhapsaitendangnhaphoacmatkhau" time="23.984" classname="ElogbookStandalone.TestingI1"/>
  <testcase name="Cauthongbaokhisaitendangnhaphoacmatkhau" time="0.046" classname="ElogbookStandalone.TestingI1"/>
  <testcase name="Nhapdungthongtindangnhapvamatkhau" time="17.403" classname="ElogbookStandalone.TestingI1"/>
  <testcase name="VaoCauhinh" time="21.668" classname="ElogbookStandalone.TestingI1"/>
  <testcase name="Xoabackground" time="0.173" classname="ElogbookStandalone.TestingI1"/>
  <testcase name="Thembackground" time="0.151" classname="ElogbookStandalone.TestingI1"/>
  <testcase name="Themiconmobile" time="0.112" classname="ElogbookStandalone.TestingI1"/>
  <testcase name="Xoaconmobile" time="0.138" classname="ElogbookStandalone.TestingI1"/>
  <testcase name="Luudulieudongbo" time="0.147" classname="ElogbookStandalone.TestingI1"/>
  <testcase name="Dangxuat" time="19.424" classname="ElogbookStandalone.TestingI1"/>
</testsuite> <!-- ElogbookStandalone.TestingI1 -->
